  Album.cpp
  AlbumManager.cpp
  DatabaseAccess.cpp
C:\Users\test0\OneDrive\שולחן העבודה\For Sharpies\Gallery_ron_vainer_2023\Gallery\DatabaseAccess.cpp(65,65): warning C4100: 'azColName': unreferenced formal parameter
C:\Users\test0\OneDrive\שולחן העבודה\For Sharpies\Gallery_ron_vainer_2023\Gallery\DatabaseAccess.cpp(65,39): warning C4100: 'argc': unreferenced formal parameter
C:\Users\test0\OneDrive\שולחן העבודה\For Sharpies\Gallery_ron_vainer_2023\Gallery\DatabaseAccess.cpp(121,65): warning C4100: 'azColName': unreferenced formal parameter
C:\Users\test0\OneDrive\שולחן העבודה\For Sharpies\Gallery_ron_vainer_2023\Gallery\DatabaseAccess.cpp(121,52): warning C4100: 'argv': unreferenced formal parameter
C:\Users\test0\OneDrive\שולחן העבודה\For Sharpies\Gallery_ron_vainer_2023\Gallery\DatabaseAccess.cpp(172,40): warning C4100: 'pAlbum': unreferenced formal parameter
C:\Users\test0\OneDrive\שולחן העבודה\For Sharpies\Gallery_ron_vainer_2023\Gallery\DatabaseAccess.cpp(184,67): warning C4100: 'azColName': unreferenced formal parameter
C:\Users\test0\OneDrive\שולחן העבודה\For Sharpies\Gallery_ron_vainer_2023\Gallery\DatabaseAccess.cpp(184,41): warning C4100: 'argc': unreferenced formal parameter
C:\Users\test0\OneDrive\שולחן העבודה\For Sharpies\Gallery_ron_vainer_2023\Gallery\DatabaseAccess.cpp(202,63): warning C4100: 'azColName': unreferenced formal parameter
C:\Users\test0\OneDrive\שולחן העבודה\For Sharpies\Gallery_ron_vainer_2023\Gallery\DatabaseAccess.cpp(202,37): warning C4100: 'argc': unreferenced formal parameter
C:\Users\test0\OneDrive\שולחן העבודה\For Sharpies\Gallery_ron_vainer_2023\Gallery\DatabaseAccess.cpp(259,60): warning C4100: 'albumName': unreferenced formal parameter
C:\Users\test0\OneDrive\שולחן העבודה\For Sharpies\Gallery_ron_vainer_2023\Gallery\DatabaseAccess.cpp(270,64): warning C4100: 'azColName': unreferenced formal parameter
C:\Users\test0\OneDrive\שולחן העבודה\For Sharpies\Gallery_ron_vainer_2023\Gallery\DatabaseAccess.cpp(270,38): warning C4100: 'argc': unreferenced formal parameter
C:\Users\test0\OneDrive\שולחן העבודה\For Sharpies\Gallery_ron_vainer_2023\Gallery\DatabaseAccess.cpp(387,63): warning C4100: 'azColName': unreferenced formal parameter
C:\Users\test0\OneDrive\שולחן העבודה\For Sharpies\Gallery_ron_vainer_2023\Gallery\DatabaseAccess.cpp(387,37): warning C4100: 'argc': unreferenced formal parameter
C:\Users\test0\OneDrive\שולחן העבודה\For Sharpies\Gallery_ron_vainer_2023\Gallery\DatabaseAccess.cpp(411,66): warning C4100: 'azColName': unreferenced formal parameter
C:\Users\test0\OneDrive\שולחן העבודה\For Sharpies\Gallery_ron_vainer_2023\Gallery\DatabaseAccess.cpp(411,40): warning C4100: 'argc': unreferenced formal parameter
C:\Users\test0\OneDrive\שולחן העבודה\For Sharpies\Gallery_ron_vainer_2023\Gallery\DatabaseAccess.cpp(473,66): warning C4100: 'azColName': unreferenced formal parameter
C:\Users\test0\OneDrive\שולחן העבודה\For Sharpies\Gallery_ron_vainer_2023\Gallery\DatabaseAccess.cpp(473,40): warning C4100: 'argc': unreferenced formal parameter
C:\Users\test0\OneDrive\שולחן העבודה\For Sharpies\Gallery_ron_vainer_2023\Gallery\DatabaseAccess.cpp(501,70): warning C4100: 'azColName': unreferenced formal parameter
C:\Users\test0\OneDrive\שולחן העבודה\For Sharpies\Gallery_ron_vainer_2023\Gallery\DatabaseAccess.cpp(501,44): warning C4100: 'argc': unreferenced formal parameter
  MemoryAccess.cpp
  Picture.cpp
  User.cpp
  Gallery.cpp
  Generating Code...
C:\Users\test0\OneDrive\שולחן העבודה\For Sharpies\Gallery_ron_vainer_2023\Gallery\DatabaseAccess.cpp(48): warning C4715: 'DatabaseAccess::open': not all control paths return a value
  sqlite3.c
  Gallery.vcxproj -> C:\Users\test0\OneDrive\שולחן העבודה\For Sharpies\Gallery_ron_vainer_2023\Gallery\Debug\Gallery.exe
